<?xml version="1.0" encoding="UTF-8"?>
<testng-results skipped="0" failed="0" ignored="5" total="7" passed="2">
  <reporter-output>
  </reporter-output>
  <suite name="Suite" duration-ms="62" started-at="2021-09-26T05:07:03Z" finished-at="2021-09-26T05:07:03Z">
    <groups>
      <group name="smokeTesting">
        <method signature="ContactTest.createContactTest()[pri:0, instance:com.comcast.contactTest.ContactTest@18be83e4]" name="createContactTest" class="com.comcast.contactTest.ContactTest"/>
        <method signature="OrgTest.createOrgTest()[pri:0, instance:com.comcast.orgTest.OrgTest@8bd1b6a]" name="createOrgTest" class="com.comcast.orgTest.OrgTest"/>
      </group> <!-- smokeTesting -->
    </groups>
    <test name="Test" duration-ms="62" started-at="2021-09-26T05:07:03Z" finished-at="2021-09-26T05:07:03Z">
      <class name="com.comcast.contactTest.ContactTest">
        <test-method status="PASS" signature="createContactTest()[pri:0, instance:com.comcast.contactTest.ContactTest@18be83e4]" name="createContactTest" duration-ms="0" started-at="2021-09-26T05:07:03Z" finished-at="2021-09-26T05:07:03Z">
          <reporter-output>
          </reporter-output>
        </test-method> <!-- createContactTest -->
      </class> <!-- com.comcast.contactTest.ContactTest -->
      <class name="com.comcast.orgTest.OrgTest">
        <test-method status="PASS" signature="createOrgTest()[pri:0, instance:com.comcast.orgTest.OrgTest@8bd1b6a]" name="createOrgTest" duration-ms="29" started-at="2021-09-26T05:07:03Z" finished-at="2021-09-26T05:07:03Z">
          <reporter-output>
          </reporter-output>
        </test-method> <!-- createOrgTest -->
      </class> <!-- com.comcast.orgTest.OrgTest -->
    </test> <!-- Test -->
  </suite> <!-- Suite -->
</testng-results>
