<?xml version="1.0" encoding="UTF-8"?>
<!-- Generated by org.testng.reporters.JUnitXMLReporter -->
<testsuite hostname="SUBASISH" ignored="5" name="Test" tests="2" failures="0" timestamp="26 Sep 2021 05:07:04 GMT" time="0.062" errors="0">
  <testcase name="createOrgTest" time="0.029" classname="com.comcast.orgTest.OrgTest"/>
  <testcase name="createContactTest" time="0.0" classname="com.comcast.contactTest.ContactTest"/>
  <testcase name="editContactTest" time="0.0" classname="com.comcast.contactTest.ContactTest">
    <ignored/>
  </testcase> <!-- editContactTest -->
  <testcase name="deleteOrgTest" time="0.0" classname="com.comcast.orgTest.OrgTest">
    <ignored/>
  </testcase> <!-- deleteOrgTest -->
  <testcase name="deleteContactTest" time="0.0" classname="com.comcast.contactTest.ContactTest">
    <ignored/>
  </testcase> <!-- deleteContactTest -->
  <testcase name="editOrgTest" time="0.0" classname="com.comcast.orgTest.OrgTest">
    <ignored/>
  </testcase> <!-- editOrgTest -->
  <testcase name="searchContactTest" time="0.0" classname="com.comcast.contactTest.ContactTest">
    <ignored/>
  </testcase> <!-- searchContactTest -->
</testsuite> <!-- Test -->
